<?xml version="1.0" encoding="UTF-8" ?>
<testsuite tests="1" failures="0" name="com.idinoproject.web.MssqlConnectionTest" time="0.185" errors="1" skipped="0">
  <properties>
[...]
</properties>
  <testcase classname="com.idinoproject.web.MssqlConnectionTest" name="com.idinoproject.web.MssqlConnectionTest" time="0.185">
    <error message="org/junit/runners/model/MultipleFailureException" type="java.lang.NoClassDefFoundError">java.lang.NoClassDefFoundError: org/junit/runners/model/MultipleFailureException
	at org.springframework.test.context.junit4.SpringJUnit4ClassRunner.withAfterClasses(SpringJUnit4ClassRunner.java:188)
	at org.junit.runners.ParentRunner.classBlock(ParentRunner.java:145)
	at org.junit.runners.ParentRunner.run(ParentRunner.java:235)
	at org.springframework.test.context.junit4.SpringJUnit4ClassRunner.run(SpringJUnit4ClassRunner.java:163)
	at org.apache.maven.surefire.junit4.JUnit4Provider.execute(JUnit4Provider.java:252)
	at org.apache.maven.surefire.junit4.JUnit4Provider.executeTestSet(JUnit4Provider.java:141)
	at org.apache.maven.surefire.junit4.JUnit4Provider.invoke(JUnit4Provider.java:112)
	at java.base/jdk.internal.reflect.NativeMethodAccessorImpl.invoke0(Native Method)
	at java.base/jdk.internal.reflect.NativeMethodAccessorImpl.invoke(NativeMethodAccessorImpl.java:62)
	at java.base/jdk.internal.reflect.DelegatingMethodAccessorImpl.invoke(DelegatingMethodAccessorImpl.java:43)
	at java.base/java.lang.reflect.Method.invoke(Method.java:566)
	at org.apache.maven.surefire.util.ReflectionUtils.invokeMethodWithArray(ReflectionUtils.java:189)
	at org.apache.maven.surefire.booter.ProviderFactory$ProviderProxy.invoke(ProviderFactory.java:165)
	at org.apache.maven.surefire.booter.ProviderFactory.invokeProvider(ProviderFactory.java:85)
	at org.apache.maven.surefire.booter.ForkedBooter.runSuitesInProcess(ForkedBooter.java:115)
	at org.apache.maven.surefire.booter.ForkedBooter.main(ForkedBooter.java:75)
Caused by: java.lang.ClassNotFoundException: org.junit.runners.model.MultipleFailureException
	at java.base/jdk.internal.loader.BuiltinClassLoader.loadClass(BuiltinClassLoader.java:581)
	at java.base/jdk.internal.loader.ClassLoaders$AppClassLoader.loadClass(ClassLoaders.java:178)
	at java.base/java.lang.ClassLoader.loadClass(ClassLoader.java:521)
	... 16 more
</error>
    <system-out>INFO : org.springframework.test.context.support.DefaultTestContextBootstrapper - Loaded default TestExecutionListener class names from location [META-INF/spring.factories]: [org.springframework.test.context.web.ServletTestExecutionListener, org.springframework.test.context.support.DependencyInjectionTestExecutionListener, org.springframework.test.context.support.DirtiesContextTestExecutionListener, org.springframework.test.context.transaction.TransactionalTestExecutionListener, org.springframework.test.context.jdbc.SqlScriptsTestExecutionListener]
INFO : org.springframework.test.context.support.DefaultTestContextBootstrapper - Using TestExecutionListeners: [org.springframework.test.context.web.ServletTestExecutionListener@3c9754d8, org.springframework.test.context.support.DependencyInjectionTestExecutionListener@3bf7ca37, org.springframework.test.context.support.DirtiesContextTestExecutionListener@79079097, org.springframework.test.context.transaction.TransactionalTestExecutionListener@4d1c00d0, org.springframework.test.context.jdbc.SqlScriptsTestExecutionListener@4b2bac3f]
</system-out>
  </testcase>
</testsuite>